0 info it worked if it ends with ok
1 verbose cli [ 'C:\\Program Files (x86)\\nodejs\\node.exe',
1 verbose cli   'C:\\Program Files (x86)\\nodejs\\node_modules\\npm\\bin\\npm-cli.js',
1 verbose cli   'install',
1 verbose cli   'fixed-data-table',
1 verbose cli   '--save-dev' ]
2 info using npm@3.3.12
3 info using node@v5.2.0
4 silly loadCurrentTree Starting
5 silly install loadCurrentTree
6 silly install readLocalPackageData
7 silly fetchPackageMetaData fixed-data-table
8 silly fetchNamedPackageData fixed-data-table
9 silly mapToRegistry name fixed-data-table
10 silly mapToRegistry using default registry
11 silly mapToRegistry registry https://registry.npmjs.org/
12 silly mapToRegistry uri https://registry.npmjs.org/fixed-data-table
13 verbose request uri https://registry.npmjs.org/fixed-data-table
14 verbose request no auth needed
15 info attempt registry request try #1 at 14:48:55
16 verbose request id 69f4fd6f99139a70
17 http request GET https://registry.npmjs.org/fixed-data-table
18 info retry will retry, error on last attempt: Error: socket hang up
19 info attempt registry request try #2 at 14:50:13
20 http request GET https://registry.npmjs.org/fixed-data-table
21 info retry will retry, error on last attempt: Error: read ECONNRESET
22 info attempt registry request try #3 at 14:52:14
23 http request GET https://registry.npmjs.org/fixed-data-table
24 silly fetchPackageMetaData Error: socket hang up
24 silly fetchPackageMetaData     at TLSSocket.onHangUp (_tls_wrap.js:1090:19)
24 silly fetchPackageMetaData     at TLSSocket.g (events.js:261:16)
24 silly fetchPackageMetaData     at emitNone (events.js:73:20)
24 silly fetchPackageMetaData     at TLSSocket.emit (events.js:167:7)
24 silly fetchPackageMetaData     at endReadableNT (_stream_readable.js:906:12)
24 silly fetchPackageMetaData     at nextTickCallbackWith2Args (node.js:455:9)
24 silly fetchPackageMetaData     at process._tickCallback (node.js:369:17)
24 silly fetchPackageMetaData  error for fixed-data-table { [Error: socket hang up] code: 'ECONNRESET' }
25 silly rollbackFailedOptional Starting
26 silly rollbackFailedOptional Finishing
27 silly runTopLevelLifecycles Starting
28 silly runTopLevelLifecycles Finishing
29 silly install printInstalled
30 verbose stack Error: socket hang up
30 verbose stack     at TLSSocket.onHangUp (_tls_wrap.js:1090:19)
30 verbose stack     at TLSSocket.g (events.js:261:16)
30 verbose stack     at emitNone (events.js:73:20)
30 verbose stack     at TLSSocket.emit (events.js:167:7)
30 verbose stack     at endReadableNT (_stream_readable.js:906:12)
30 verbose stack     at nextTickCallbackWith2Args (node.js:455:9)
30 verbose stack     at process._tickCallback (node.js:369:17)
31 verbose cwd D:\git\mjadmin2
32 error Windows_NT 6.1.7601
33 error argv "C:\\Program Files (x86)\\nodejs\\node.exe" "C:\\Program Files (x86)\\nodejs\\node_modules\\npm\\bin\\npm-cli.js" "install" "fixed-data-table" "--save-dev"
34 error node v5.2.0
35 error npm  v3.3.12
36 error code ECONNRESET
37 error network socket hang up
37 error network This is most likely not a problem with npm itself
37 error network and is related to network connectivity.
37 error network In most cases you are behind a proxy or have bad network settings.
37 error network
37 error network If you are behind a proxy, please make sure that the
37 error network 'proxy' config is set properly.  See: 'npm help config'
38 verbose exit [ 1, true ]
